<?xml version="1.0" encoding="UTF-8"?>
<!-- Generated by org.testng.reporters.JUnitXMLReporter -->
<testsuite ignored="0" hostname="DESKTOP-BIVP7MD" failures="1" tests="1" name="Surefire test" time="0.232" errors="0" timestamp="2023-09-05T20:54:48 IST">
  <testcase classname="POM_orangeHRM.OrangeHrm_Test" name="validate_login" time="0.036">
    <failure type="java.lang.NullPointerException" message="Cannot invoke &amp;quot;POM_orangeHRM.login_page.url()&amp;quot; because &amp;quot;this.login&amp;quot; is null">
      <![CDATA[java.lang.NullPointerException: Cannot invoke "POM_orangeHRM.login_page.url()" because "this.login" is null
at POM_orangeHRM.OrangeHrm_Test.validate_login(OrangeHrm_Test.java:31)
at java.base/java.util.ArrayList.forEach(ArrayList.java:1511)
... Removed 32 stack frames]]>
    </failure>
  </testcase> <!-- validate_login -->
</testsuite> <!-- Surefire test -->
