<?xml version="1.0" encoding="UTF-8"?>
<testng-results ignored="0" total="1" passed="1" failed="0" skipped="0">
  <reporter-output>
  </reporter-output>
  <suite started-at="2023-09-18T14:13:33 IST" name="Default suite" finished-at="2023-09-18T14:14:20 IST" duration-ms="46690">
    <groups>
    </groups>
    <test started-at="2023-09-18T14:13:33 IST" name="Default test" finished-at="2023-09-18T14:14:20 IST" duration-ms="46690">
      <class name="CallIng_Page.VerifyOrangeHrm">
        <test-method is-config="true" signature="launchBrowser()[pri:0, instance:CallIng_Page.VerifyOrangeHrm@6bbe85a8]" started-at="2023-09-18T14:13:33 IST" name="launchBrowser" finished-at="2023-09-18T14:13:52 IST" duration-ms="18629" status="PASS">
          <reporter-output>
          </reporter-output>
        </test-method> <!-- launchBrowser -->
        <test-method signature="OrangeHrmTest()[pri:1, instance:CallIng_Page.VerifyOrangeHrm@6bbe85a8]" started-at="2023-09-18T14:13:52 IST" name="OrangeHrmTest" finished-at="2023-09-18T14:14:20 IST" duration-ms="27910" status="PASS">
          <reporter-output>
          </reporter-output>
        </test-method> <!-- OrangeHrmTest -->
      </class> <!-- CallIng_Page.VerifyOrangeHrm -->
    </test> <!-- Default test -->
  </suite> <!-- Default suite -->
</testng-results>
